<?xml version="1.0" encoding="UTF-8"?>
<testsuite xmlns:xsi="http://www.w3.org/2001/XMLSchema-instance" xsi:noNamespaceSchemaLocation="https://maven.apache.org/surefire/maven-surefire-plugin/xsd/surefire-test-report.xsd" name="sanghavis.AppTest" time="0.172" tests="17" errors="0" skipped="0" failures="0">
  <properties>
[...]
</properties>
  <testcase name="checkSizeForsmallAndLargeNumbersBitVector" classname="sanghavis.AppTest" time="0.028"/>
  <testcase name="shouldClearAnUnsetBit" classname="sanghavis.AppTest" time="0"/>
  <testcase name="bitVectorShouldAllowLargerNumbers" classname="sanghavis.AppTest" time="0.002"/>
  <testcase name="checkIterator" classname="sanghavis.AppTest" time="0.001"/>
  <testcase name="copyLargerBitVectorToSmall" classname="sanghavis.AppTest" time="0"/>
  <testcase name="shouldGetSetBit" classname="sanghavis.AppTest" time="0"/>
  <testcase name="shouldCreateAnEmptyBitVector" classname="sanghavis.AppTest" time="0"/>
  <testcase name="bitVectorShouldHoldNumbers" classname="sanghavis.AppTest" time="0"/>
  <testcase name="shouldGetLargeSetBit" classname="sanghavis.AppTest" time="0.09"/>
  <testcase name="checkSizeForsmallNumbersBitVector" classname="sanghavis.AppTest" time="0"/>
  <testcase name="shouldGetUnSetBit" classname="sanghavis.AppTest" time="0"/>
  <testcase name="checkSizeForEmptyBitVector" classname="sanghavis.AppTest" time="0"/>
  <testcase name="copySmallerBitVectorToLarge" classname="sanghavis.AppTest" time="0"/>
  <testcase name="shouldClearALargeUnsetBit" classname="sanghavis.AppTest" time="0"/>
  <testcase name="shouldGetUnsetBitLargeNumber" classname="sanghavis.AppTest" time="0"/>
  <testcase name="shouldClearABit" classname="sanghavis.AppTest" time="0"/>
  <testcase name="shouldGetUnsetBitVeryLargeNumber" classname="sanghavis.AppTest" time="0"/>
</testsuite>